

LES - Laboratório de Engenharia de Software DI/PUC-Rio
      Arcabouço de teste de módulos C  (c) 2006

---------------------------------------------
      Construto sob teste: TRAB1.exe

      Arquivo de teste:    ErroRecuperado.script


    1  == Arvore nao existe, nao pode ir a esquerda
    4  == Recupera falha (nunca vai dar 0)
!!!    0  Linha:     5  // Erro proposital; Nao pode ir a esquerda pois a arvore nao foi criada ainda. 
>>>    1  Linha:     6  Retorno errado ao ir para esquerda. Deveria ser: 0  É: 4
<<<    0  Linha:     7  Falha esperada foi recuperada. 
    9  == Arvore nao existe, nao pode ir a direita
   12  == Verificar ObterValorCorr relativo a arvore inexistente
   15  == arvore vazia, nao consegue ir ao pai
   18  == Criar arvore (sempre consegue criar, mesmo se ja houver arvore (sobrescreve))
   21  == Verificar se a arvore criada esta vazia
   27  == Insere no inicial
   30  == Volta ao pai (nao consegue, ja eh raiz)
   33  == Insere a esquerda no
   36  == Volta ao pai
   39  == Insere no a esquerda (ja existe, nao vai conseguir)
   42  == Insere no a direita
   45  == Volta para o pai
   48  == Tenta buscar pai do no raiz
   51  == Volta ao no esquerdo
   54  == Tenta ir a folhas inexistentes
   58  == Insere no a direita e esquerda e volta para pai
   64  == Tenta fazer insercao de nos que ja existem
   68  == Vai para esquerda e obtem valor
   72  == Percorre a arvore inteira
   88  == Insere mais duas folhas ao atual
   93  == Vai a direita/esquerda (nao tem filho)
   97  == Insere no a direita
  100  == Costura e imprime arvore 0
Nós da Arvore na ordem em que foram costurados: c d e q 

  104  == Destroi arvore
  107  == Cria arvore nova
  110  == Insere primeiro no
  113  == Insere no a direita e esquerda
  119  == Checa valores
  127  == Costura e imprime arvore 1
Nós da Arvore na ordem em que foram costurados: b c 

  131  == Destroi nova arvore
  134  == Cria mais 8 arvores
  144  == (ARVORE_ALEATORIA)Verificar se a arvore criada esta vazia
  150  == (ARVORE_ALEATORIA)Insere no inicial
  153  == (ARVORE_ALEATORIA)Volta ao pai (nao consegue, ja eh raiz)
  156  == (ARVORE_ALEATORIA)Insere a esquerda no
  159  == (ARVORE_ALEATORIA)Volta ao pai
  162  == (ARVORE_ALEATORIA)Insere no a esquerda (ja existe, nao vai conseguir)
  165  == Insere no a direita
  168  == (ARVORE_ALEATORIA)Volta para o pai
  171  == (ARVORE_ALEATORIA)Tenta buscar pai do no raiz
  174  == (ARVORE_ALEATORIA)Volta ao no esquerdo
  177  == (ARVORE_ALEATORIA)Tenta ir a folhas inexistentes
  182  == (ARVORE_ALEATORIA)Insere no a direita e esquerda e volta para pai
  188  == (ARVORE_ALEATORIA)Tenta fazer insercao de nos que ja existem
  192  == Costura e imprime arvore 7
Nós da Arvore na ordem em que foram costurados: c d x 

  196  == Destroi todas as arvores
  206  == (OPERACAO EM ARVORE QUE ESTA FORA DO VETOR) Verificar se a arvore criada esta vazia
  212  == (OPERACAO EM ARVORE QUE ESTA FORA DO VETOR) Insere no inicial
  215  == (OPERACAO EM ARVORE QUE ESTA FORA DO VETOR) Volta ao pai (nao consegue, ja eh raiz)
  218  == (OPERACAO EM ARVORE QUE ESTA FORA DO VETOR) Insere a esquerda no
  221  == (OPERACAO EM ARVORE QUE ESTA FORA DO VETOR) Volta ao pai
  226  == (OPERACAO EM ARVORE QUE ESTA FORA DO VETOR - NEGATIVO) Verificar se a arvore criada esta vazia
  232  == (OPERACAO EM ARVORE QUE ESTA FORA DO VETOR - NEGATIVO) Insere no inicial
  235  == (OPERACAO EM ARVORE QUE ESTA FORA DO VETOR - NEGATIVO) Volta ao pai (nao consegue, ja eh raiz)
  238  == (OPERACAO EM ARVORE QUE ESTA FORA DO VETOR - NEGATIVO) Insere a esquerda no
  241  == (OPERACAO EM ARVORE QUE ESTA FORA DO VETOR - NEGATIVO) Volta ao pai
  244  == (MESMOS TESTES INICIAIS EM CIMA DE ARVORE DESTRUIDA) Arvore nao existe, nao pode ir a esquerda
  247  == (MESMOS TESTES INICIAIS EM CIMA DE ARVORE DESTRUIDA) Arvore nao existe, nao pode ir a direita
  250  == (MESMOS TESTES INICIAIS EM CIMA DE ARVORE DESTRUIDA) Verificar ObterValorCorr relativo a arvore inexistente
  253  == (MESMOS TESTES INICIAIS EM CIMA DE ARVORE DESTRUIDA) Arvore vazia, nao consegue ir ao pai
  256  == (MESMOS TESTES INICIAIS EM CIMA DE ARVORE DESTRUIDA) Criar arvore (sempre consegue criar, mesmo se ja houver arvore (sobrescreve))
  259  == (MESMOS TESTES INICIAIS EM CIMA DE ARVORE DESTRUIDA) Verificar se a arvore criada esta vazia
  265  == Cria Arvore Para Teste de Costura
Nós da Arvore na ordem em que foram costurados: j k m p y z 

  287  == Cria Arvore com folhas fora de ordem alfabetica Para Teste de Costura
Nós da Arvore na ordem em que foram costurados: c k l p y z 

  309  == Simula mesma Arvore de Costura anterior mas costura, depois adiciona um no e costura novamente
Nós da Arvore na ordem em que foram costurados: c k l p y z 

Nós da Arvore na ordem em que foram costurados: c k l p s y 

  334  == Tenta costurar uma arvore que nao existe
  337  == Tenta costurar uma arvore vazia
  341  == Costura e imprime uma arvore de um unico no
Nós da Arvore na ordem em que foram costurados: w 

  346  == Tenta imprimir uma arvore que nao existe
  349  == Tenta imprimir uma arvore vazia
  353  == Tenta imprimir uma arvore de um unico no nao costurada
  357  == Tenta imprimir uma arvore de varios nos nao costurada

!!! Número de linhas lidas:         371
!!! Número de casos de teste:        74
!!! Número comandos corretos:       218
!!! Número de falhas encontradas:     0

!!! Não foram encontrados problemas


!!! Numero de espacos ainda alocados: 0