

LES - Laboratório de Engenharia de Software DI/PUC-Rio
      Arcabouço de teste de módulos C  (c) 2006

---------------------------------------------
      Construto sob teste: TRAB1.exe

      Arquivo de teste:    FinalTest.script


    1  == Arvore nao existe, nao pode ir a esquerda
    4  == Arvore nao existe, nao pode ir a direita
    7  == Verificar ObterValorCorr relativo a arvore inexistente
   10  == arvore vazia, nao consegue ir ao pai
   13  == Criar arvore (sempre consegue criar, mesmo se ja houver arvore (sobrescreve))
   16  == Verificar se a arvore criada esta vazia
   22  == Insere no inicial
   25  == Volta ao pai (nao consegue, ja eh raiz)
   28  == Insere a esquerda no
   31  == Volta ao pai
   34  == Insere no a esquerda (ja existe, nao vai conseguir)
   37  == Insere no a direita
   40  == Volta para o pai
   43  == Tenta buscar pai do no raiz
   46  == Volta ao no esquerdo
   49  == Tenta ir a folhas inexistentes
   53  == Insere no a direita e esquerda e volta para pai
   59  == Tenta fazer insercao de nos que ja existem
   63  == Vai para esquerda e obtem valor
   67  == Percorre a arvore inteira
   83  == Insere mais duas folhas ao atual
   88  == Vai a direita/esquerda (nao tem filho)
   92  == Insere no a direita
   95  == Costura e imprime arvore 0
Nós da Arvore na ordem em que foram costurados: c d e q 

   99  == Destroi arvore
  102  == Cria arvore nova
  105  == Insere primeiro no
  108  == Insere no a direita e esquerda
  114  == Checa valores
  122  == Costura e imprime arvore 1
Nós da Arvore na ordem em que foram costurados: b c 

  126  == Destroi nova arvore
  129  == Cria mais 8 arvores
  139  == (ARVORE_ALEATORIA)Verificar se a arvore criada esta vazia
  145  == (ARVORE_ALEATORIA)Insere no inicial
  148  == (ARVORE_ALEATORIA)Volta ao pai (nao consegue, ja eh raiz)
  151  == (ARVORE_ALEATORIA)Insere a esquerda no
  154  == (ARVORE_ALEATORIA)Volta ao pai
  157  == (ARVORE_ALEATORIA)Insere no a esquerda (ja existe, nao vai conseguir)
  160  == Insere no a direita
  163  == (ARVORE_ALEATORIA)Volta para o pai
  166  == (ARVORE_ALEATORIA)Tenta buscar pai do no raiz
  169  == (ARVORE_ALEATORIA)Volta ao no esquerdo
  172  == (ARVORE_ALEATORIA)Tenta ir a folhas inexistentes
  177  == (ARVORE_ALEATORIA)Insere no a direita e esquerda e volta para pai
  183  == (ARVORE_ALEATORIA)Tenta fazer insercao de nos que ja existem
  187  == Costura e imprime arvore 7
Nós da Arvore na ordem em que foram costurados: c d x 

  191  == Destroi todas as arvores
  201  == (OPERACAO EM ARVORE QUE ESTA FORA DO VETOR) Verificar se a arvore criada esta vazia
  207  == (OPERACAO EM ARVORE QUE ESTA FORA DO VETOR) Insere no inicial
  210  == (OPERACAO EM ARVORE QUE ESTA FORA DO VETOR) Volta ao pai (nao consegue, ja eh raiz)
  213  == (OPERACAO EM ARVORE QUE ESTA FORA DO VETOR) Insere a esquerda no
  216  == (OPERACAO EM ARVORE QUE ESTA FORA DO VETOR) Volta ao pai
  221  == (OPERACAO EM ARVORE QUE ESTA FORA DO VETOR - NEGATIVO) Verificar se a arvore criada esta vazia
  227  == (OPERACAO EM ARVORE QUE ESTA FORA DO VETOR - NEGATIVO) Insere no inicial
  230  == (OPERACAO EM ARVORE QUE ESTA FORA DO VETOR - NEGATIVO) Volta ao pai (nao consegue, ja eh raiz)
  233  == (OPERACAO EM ARVORE QUE ESTA FORA DO VETOR - NEGATIVO) Insere a esquerda no
  236  == (OPERACAO EM ARVORE QUE ESTA FORA DO VETOR - NEGATIVO) Volta ao pai
  239  == (MESMOS TESTES INICIAIS EM CIMA DE ARVORE DESTRUIDA) Arvore nao existe, nao pode ir a esquerda
  242  == (MESMOS TESTES INICIAIS EM CIMA DE ARVORE DESTRUIDA) Arvore nao existe, nao pode ir a direita
  245  == (MESMOS TESTES INICIAIS EM CIMA DE ARVORE DESTRUIDA) Verificar ObterValorCorr relativo a arvore inexistente
  248  == (MESMOS TESTES INICIAIS EM CIMA DE ARVORE DESTRUIDA) Arvore vazia, nao consegue ir ao pai
  251  == (MESMOS TESTES INICIAIS EM CIMA DE ARVORE DESTRUIDA) Criar arvore (sempre consegue criar, mesmo se ja houver arvore (sobrescreve))
  254  == (MESMOS TESTES INICIAIS EM CIMA DE ARVORE DESTRUIDA) Verificar se a arvore criada esta vazia
  260  == Cria Arvore Para Teste de Costura
Nós da Arvore na ordem em que foram costurados: j k m p y z 

  282  == Cria Arvore com folhas fora de ordem alfabetica Para Teste de Costura
Nós da Arvore na ordem em que foram costurados: c k l p y z 

  304  == Simula mesma Arvore de Costura anterior mas costura, depois adiciona um no e costura novamente
Nós da Arvore na ordem em que foram costurados: c k l p y z 

Nós da Arvore na ordem em que foram costurados: c k l p s y 

  329  == Tenta costurar uma arvore que nao existe
  332  == Tenta costurar uma arvore vazia
  336  == Costura e imprime uma arvore de um unico no
Nós da Arvore na ordem em que foram costurados: w 

  341  == Tenta imprimir uma arvore que nao existe
  344  == Tenta imprimir uma arvore vazia
  348  == Tenta imprimir uma arvore de um unico no nao costurada
  352  == Tenta imprimir uma arvore de varios nos nao costurada

!!! Número de linhas lidas:         366
!!! Número de casos de teste:        73
!!! Número comandos corretos:       218
!!! Número de falhas encontradas:     0

!!! Não foram encontrados problemas


!!! Numero de espacos ainda alocados: 0